<?xml version="1.0" encoding="UTF-8"?>
<!-- Generated by org.testng.reporters.JUnitReportReporter -->
<testsuite hostname="Atul_Kumar" failures="0" tests="3" name="practiceDemo.Test1" time="0.018" errors="0" timestamp="2024-10-13T10:52:11 IST" skipped="0">
  <testcase classname="practiceDemo.Test1" name="demo3" time="0.002"/>
  <testcase classname="practiceDemo.Test1" name="demo1" time="0.012"/>
  <testcase classname="practiceDemo.Test1" name="demo2" time="0.004"/>
</testsuite> <!-- practiceDemo.Test1 -->
