<?xml version="1.0" encoding="UTF-8"?>
<!-- Generated by org.testng.reporters.JUnitReportReporter -->
<testsuite hostname="Atul_Kumar" failures="0" tests="5" name="com.pages.LoginClass" time="14.750" errors="0" timestamp="2024-10-10T15:16:00 IST" skipped="0">
  <testcase classname="com.pages.LoginClass" name="loginWithValidEmailInvalidPasswordCredentials" time="2.900"/>
  <testcase classname="com.pages.LoginClass" name="loginWithInvalidCredentials" time="3.298"/>
  <testcase classname="com.pages.LoginClass" name="loginWithValidCredentials" time="3.357"/>
  <testcase classname="com.pages.LoginClass" name="loginWithInvalidEmailValidPasswordCredentials" time="2.520"/>
  <testcase classname="com.pages.LoginClass" name="loginWithoutProvidingCredentials" time="2.675"/>
</testsuite> <!-- com.pages.LoginClass -->
