<?xml version="1.0" encoding="UTF-8"?>
<!-- Generated by org.testng.reporters.JUnitReportReporter -->
<testsuite hostname="Atul_Kumar" failures="0" tests="1" name="com.pages.BaseClass" time="0.059" errors="0" timestamp="2024-10-09T18:15:18 IST" skipped="0">
  <testcase classname="com.pages.BaseClass" name="timeStamp" time="0.059"/>
</testsuite> <!-- com.pages.BaseClass -->
