<?xml version="1.0" encoding="UTF-8"?>
<!-- Generated by org.testng.reporters.JUnitReportReporter -->
<testsuite hostname="Atul_Kumar" failures="0" tests="5" name="comTest.Login" time="24.959" errors="0" timestamp="2024-11-19T17:32:45 IST" skipped="0">
  <testcase classname="comTest.Login" name="loginWithInvalidCredentials" time="5.915"/>
  <testcase classname="comTest.Login" name="loginWithInvalidEmailValidPasswordCredentials" time="3.945"/>
  <testcase classname="comTest.Login" name="loginWithValidEmailInvalidPasswordCredentials" time="3.829"/>
  <testcase classname="comTest.Login" name="loginWithoutProvidingCredentials" time="3.782"/>
  <testcase classname="comTest.Login" name="loginWithValidCredentials" time="7.488"/>
</testsuite> <!-- comTest.Login -->
